{
  "0 debug pnpm:scope": {
    "selected": 1,
    "total": 3
  },
  "1 info pnpm": {
    "err": {
      "name": "Error",
      "message": "@graphQlProject/server@1.0.0 dev: `nodemon -r esm .`\nspawn ENOENT",
      "code": "ELIFECYCLE",
      "stack": "Error: @graphQlProject/server@1.0.0 dev: `nodemon -r esm .`\nspawn ENOENT\n    at ChildProcess.<anonymous> (/usr/local/lib/node_modules/pnpm/dist/pnpm.cjs:93511:22)\n    at ChildProcess.emit (node:events:527:28)\n    at maybeClose (node:internal/child_process:1092:16)\n    at Process.ChildProcess._handle.onexit (node:internal/child_process:302:5)"
    }
  },
  "2 error pnpm": {
    "code": "ERR_PNPM_RECURSIVE_RUN_FIRST_FAIL",
    "errno": "ENOENT",
    "syscall": "spawn",
    "file": "sh",
    "pkgid": "@graphQlProject/server@1.0.0",
    "stage": "dev",
    "script": "nodemon -r esm .",
    "pkgname": "@graphQlProject/server",
    "prefix": "/Users/hamilton/Downloads/graphQl-Project/package/server",
    "err": {
      "name": "pnpm",
      "message": "@graphQlProject/server@1.0.0 dev: `nodemon -r esm .`\nspawn ENOENT",
      "code": "ERR_PNPM_RECURSIVE_RUN_FIRST_FAIL",
      "stack": "Error: @graphQlProject/server@1.0.0 dev: `nodemon -r esm .`\nspawn ENOENT\n    at ChildProcess.<anonymous> (/usr/local/lib/node_modules/pnpm/dist/pnpm.cjs:93511:22)\n    at ChildProcess.emit (node:events:527:28)\n    at maybeClose (node:internal/child_process:1092:16)\n    at Process.ChildProcess._handle.onexit (node:internal/child_process:302:5)"
    }
  }
}